<?xml version="1.0" encoding="UTF-8"?>
<!-- Generated by org.testng.reporters.JUnitReportReporter -->
<testsuite skipped="0" hostname="DESKTOP-T3O7D1B" name="javastreams.StreamsDemo" tests="4" failures="0" timestamp="16 Mar 2023 06:36:50 GMT" time="0.081" errors="0">
  <testcase name="ArrayDemo1" time="0.003" classname="javastreams.StreamsDemo"/>
  <testcase name="streamcollect" time="0.000" classname="javastreams.StreamsDemo"/>
  <testcase name="testStream" time="0.015" classname="javastreams.StreamsDemo"/>
  <testcase name="stream2Map" time="0.063" classname="javastreams.StreamsDemo"/>
</testsuite> <!-- javastreams.StreamsDemo -->
